<?xml version="1.0" encoding="UTF-8"?>
<testng-results ignored="0" total="1" passed="1" failed="0" skipped="0">
  <reporter-output>
  </reporter-output>
  <suite started-at="2025-04-17T09:41:31 IST" name="Default suite" finished-at="2025-04-17T09:41:34 IST" duration-ms="2759">
    <groups>
    </groups>
    <test started-at="2025-04-17T09:41:31 IST" name="Default test" finished-at="2025-04-17T09:41:34 IST" duration-ms="2759">
      <class name="tests.LoginTest">
        <test-method signature="validLoginTest()[pri:0, instance:tests.LoginTest@3a52dba3]" started-at="2025-04-17T09:41:32 IST" name="validLoginTest" finished-at="2025-04-17T09:41:34 IST" duration-ms="2719" status="PASS">
          <reporter-output>
          </reporter-output>
        </test-method> <!-- validLoginTest -->
      </class> <!-- tests.LoginTest -->
    </test> <!-- Default test -->
  </suite> <!-- Default suite -->
</testng-results>
